The system is: Linux - 3.10.0-1127.8.2.el7.x86_64 - x86_64
Compiling the C compiler identification source file "CMakeCCompilerId.c" succeeded.
Compiler: /cvmfs/cepc.ihep.ac.cn/software/cepcsoft/x86_64-centos7-gcc49/external/GCC/4.9.4/install/bin/gcc 
Build flags: 
Id flags: 

The output was:
0


Compilation of the C compiler identification source "CMakeCCompilerId.c" produced "a.out"

The C compiler identification is GNU, found in "/workfs2/cepc/xuliang/processor/GenJet/FSClasser/build/CMakeFiles/CompilerIdC/a.out"

Compiling the CXX compiler identification source file "CMakeCXXCompilerId.cpp" succeeded.
Compiler: /cvmfs/cepc.ihep.ac.cn/software/cepcsoft/x86_64-centos7-gcc49/external/GCC/4.9.4/install/bin/g++ 
Build flags: 
Id flags: 

The output was:
0


Compilation of the CXX compiler identification source "CMakeCXXCompilerId.cpp" produced "a.out"

The CXX compiler identification is GNU, found in "/workfs2/cepc/xuliang/processor/GenJet/FSClasser/build/CMakeFiles/CompilerIdCXX/a.out"

Determining if the C compiler works passed with the following output:
Change Dir: /workfs2/cepc/xuliang/processor/GenJet/FSClasser/build/CMakeFiles/CMakeTmp

Run Build Command:/usr/bin/gmake "cmTryCompileExec/fast"
/usr/bin/gmake -f CMakeFiles/cmTryCompileExec.dir/build.make CMakeFiles/cmTryCompileExec.dir/build
gmake[1]: Entering directory `/workfs2/cepc/xuliang/processor/GenJet/FSClasser/build/CMakeFiles/CMakeTmp'
/cvmfs/cepc.ihep.ac.cn/software/cepcsoft/x86_64-centos7-gcc49/external/CMake/2.8.5/install/bin/cmake -E cmake_progress_report /workfs2/cepc/xuliang/processor/GenJet/FSClasser/build/CMakeFiles/CMakeTmp/CMakeFiles 1
Building C object CMakeFiles/cmTryCompileExec.dir/testCCompiler.c.o
/cvmfs/cepc.ihep.ac.cn/software/cepcsoft/x86_64-centos7-gcc49/external/GCC/4.9.4/install/bin/gcc    -o CMakeFiles/cmTryCompileExec.dir/testCCompiler.c.o   -c /workfs2/cepc/xuliang/processor/GenJet/FSClasser/build/CMakeFiles/CMakeTmp/testCCompiler.c
Linking C executable cmTryCompileExec
/cvmfs/cepc.ihep.ac.cn/software/cepcsoft/x86_64-centos7-gcc49/external/CMake/2.8.5/install/bin/cmake -E cmake_link_script CMakeFiles/cmTryCompileExec.dir/link.txt --verbose=1
/cvmfs/cepc.ihep.ac.cn/software/cepcsoft/x86_64-centos7-gcc49/external/GCC/4.9.4/install/bin/gcc         CMakeFiles/cmTryCompileExec.dir/testCCompiler.c.o  -o cmTryCompileExec -rdynamic 
gmake[1]: Leaving directory `/workfs2/cepc/xuliang/processor/GenJet/FSClasser/build/CMakeFiles/CMakeTmp'


Detecting C compiler ABI info compiled with the following output:
Change Dir: /workfs2/cepc/xuliang/processor/GenJet/FSClasser/build/CMakeFiles/CMakeTmp

Run Build Command:/usr/bin/gmake "cmTryCompileExec/fast"
/usr/bin/gmake -f CMakeFiles/cmTryCompileExec.dir/build.make CMakeFiles/cmTryCompileExec.dir/build
gmake[1]: Entering directory `/workfs2/cepc/xuliang/processor/GenJet/FSClasser/build/CMakeFiles/CMakeTmp'
/cvmfs/cepc.ihep.ac.cn/software/cepcsoft/x86_64-centos7-gcc49/external/CMake/2.8.5/install/bin/cmake -E cmake_progress_report /workfs2/cepc/xuliang/processor/GenJet/FSClasser/build/CMakeFiles/CMakeTmp/CMakeFiles 1
Building C object CMakeFiles/cmTryCompileExec.dir/CMakeCCompilerABI.c.o
/cvmfs/cepc.ihep.ac.cn/software/cepcsoft/x86_64-centos7-gcc49/external/GCC/4.9.4/install/bin/gcc    -o CMakeFiles/cmTryCompileExec.dir/CMakeCCompilerABI.c.o   -c /cvmfs/cepc.ihep.ac.cn/software/cepcsoft/x86_64-centos7-gcc49/external/CMake/2.8.5/install/share/cmake-2.8/Modules/CMakeCCompilerABI.c
Linking C executable cmTryCompileExec
/cvmfs/cepc.ihep.ac.cn/software/cepcsoft/x86_64-centos7-gcc49/external/CMake/2.8.5/install/bin/cmake -E cmake_link_script CMakeFiles/cmTryCompileExec.dir/link.txt --verbose=1
/cvmfs/cepc.ihep.ac.cn/software/cepcsoft/x86_64-centos7-gcc49/external/GCC/4.9.4/install/bin/gcc       -v CMakeFiles/cmTryCompileExec.dir/CMakeCCompilerABI.c.o  -o cmTryCompileExec -rdynamic  
Using built-in specs.
COLLECT_GCC=/cvmfs/cepc.ihep.ac.cn/software/cepcsoft/x86_64-centos7-gcc49/external/GCC/4.9.4/install/bin/gcc
COLLECT_LTO_WRAPPER=/cvmfs/cepc.ihep.ac.cn/software/cepcsoft/x86_64-centos7-gcc49/external/GCC/4.9.4/install/libexec/gcc/x86_64-unknown-linux-gnu/4.9.4/lto-wrapper
Target: x86_64-unknown-linux-gnu
Configured with: /cvmfs/cepc.ihep.ac.cn/software/cepcsoft/x86_64-centos7-gcc49/external/GCC/4.9.4/source/configure --prefix=/cvmfs/cepc.ihep.ac.cn/software/cepcsoft/x86_64-centos7-gcc49/external/GCC/4.9.4/install --enable-languages=c,c++,fortran --disable-multilib
Thread model: posix
gcc version 4.9.4 (GCC) 
COMPILER_PATH=/cvmfs/cepc.ihep.ac.cn/software/cepcsoft/x86_64-centos7-gcc49/external/GCC/4.9.4/install/libexec/gcc/x86_64-unknown-linux-gnu/4.9.4/:/cvmfs/cepc.ihep.ac.cn/software/cepcsoft/x86_64-centos7-gcc49/external/GCC/4.9.4/install/libexec/gcc/x86_64-unknown-linux-gnu/4.9.4/:/cvmfs/cepc.ihep.ac.cn/software/cepcsoft/x86_64-centos7-gcc49/external/GCC/4.9.4/install/libexec/gcc/x86_64-unknown-linux-gnu/:/cvmfs/cepc.ihep.ac.cn/software/cepcsoft/x86_64-centos7-gcc49/external/GCC/4.9.4/install/lib/gcc/x86_64-unknown-linux-gnu/4.9.4/:/cvmfs/cepc.ihep.ac.cn/software/cepcsoft/x86_64-centos7-gcc49/external/GCC/4.9.4/install/lib/gcc/x86_64-unknown-linux-gnu/
LIBRARY_PATH=/cvmfs/cepc.ihep.ac.cn/software/cepcsoft/x86_64-centos7-gcc49/external/GCC/4.9.4/install/lib/gcc/x86_64-unknown-linux-gnu/4.9.4/:/cvmfs/cepc.ihep.ac.cn/software/cepcsoft/x86_64-centos7-gcc49/external/GCC/4.9.4/install/lib/gcc/x86_64-unknown-linux-gnu/4.9.4/../../../../lib64/:/lib/../lib64/:/usr/lib/../lib64/:/cvmfs/cepc.ihep.ac.cn/software/cepcsoft/x86_64-centos7-gcc49/external/GCC/4.9.4/install/lib/gcc/x86_64-unknown-linux-gnu/4.9.4/../../../:/lib/:/usr/lib/
COLLECT_GCC_OPTIONS='-v' '-o' 'cmTryCompileExec' '-rdynamic' '-mtune=generic' '-march=x86-64'
 /cvmfs/cepc.ihep.ac.cn/software/cepcsoft/x86_64-centos7-gcc49/external/GCC/4.9.4/install/libexec/gcc/x86_64-unknown-linux-gnu/4.9.4/collect2 -plugin /cvmfs/cepc.ihep.ac.cn/software/cepcsoft/x86_64-centos7-gcc49/external/GCC/4.9.4/install/libexec/gcc/x86_64-unknown-linux-gnu/4.9.4/liblto_plugin.so -plugin-opt=/cvmfs/cepc.ihep.ac.cn/software/cepcsoft/x86_64-centos7-gcc49/external/GCC/4.9.4/install/libexec/gcc/x86_64-unknown-linux-gnu/4.9.4/lto-wrapper -plugin-opt=-fresolution=/tmp/ccm5YqmM.res -plugin-opt=-pass-through=-lgcc -plugin-opt=-pass-through=-lgcc_s -plugin-opt=-pass-through=-lc -plugin-opt=-pass-through=-lgcc -plugin-opt=-pass-through=-lgcc_s --eh-frame-hdr -m elf_x86_64 -export-dynamic -dynamic-linker /lib64/ld-linux-x86-64.so.2 -o cmTryCompileExec /lib/../lib64/crt1.o /lib/../lib64/crti.o /cvmfs/cepc.ihep.ac.cn/software/cepcsoft/x86_64-centos7-gcc49/external/GCC/4.9.4/install/lib/gcc/x86_64-unknown-linux-gnu/4.9.4/crtbegin.o -L/cvmfs/cepc.ihep.ac.cn/software/cepcsoft/x86_64-centos7-gcc49/external/GCC/4.9.4/install/lib/gcc/x86_64-unknown-linux-gnu/4.9.4 -L/cvmfs/cepc.ihep.ac.cn/software/cepcsoft/x86_64-centos7-gcc49/external/GCC/4.9.4/install/lib/gcc/x86_64-unknown-linux-gnu/4.9.4/../../../../lib64 -L/lib/../lib64 -L/usr/lib/../lib64 -L/cvmfs/cepc.ihep.ac.cn/software/cepcsoft/x86_64-centos7-gcc49/external/GCC/4.9.4/install/lib/gcc/x86_64-unknown-linux-gnu/4.9.4/../../.. CMakeFiles/cmTryCompileExec.dir/CMakeCCompilerABI.c.o -lgcc --as-needed -lgcc_s --no-as-needed -lc -lgcc --as-needed -lgcc_s --no-as-needed /cvmfs/cepc.ihep.ac.cn/software/cepcsoft/x86_64-centos7-gcc49/external/GCC/4.9.4/install/lib/gcc/x86_64-unknown-linux-gnu/4.9.4/crtend.o /lib/../lib64/crtn.o
gmake[1]: Leaving directory `/workfs2/cepc/xuliang/processor/GenJet/FSClasser/build/CMakeFiles/CMakeTmp'


Parsed C implicit link information from above output:
  link line regex: [^( *|.*[/\])(ld|ld|collect2)[^/\]*( |$)]
  ignore line: [Change Dir: /workfs2/cepc/xuliang/processor/GenJet/FSClasser/build/CMakeFiles/CMakeTmp]
  ignore line: []
  ignore line: [Run Build Command:/usr/bin/gmake "cmTryCompileExec/fast"]
  ignore line: [/usr/bin/gmake -f CMakeFiles/cmTryCompileExec.dir/build.make CMakeFiles/cmTryCompileExec.dir/build]
  ignore line: [gmake[1]: Entering directory `/workfs2/cepc/xuliang/processor/GenJet/FSClasser/build/CMakeFiles/CMakeTmp']
  ignore line: [/cvmfs/cepc.ihep.ac.cn/software/cepcsoft/x86_64-centos7-gcc49/external/CMake/2.8.5/install/bin/cmake -E cmake_progress_report /workfs2/cepc/xuliang/processor/GenJet/FSClasser/build/CMakeFiles/CMakeTmp/CMakeFiles 1]
  ignore line: [Building C object CMakeFiles/cmTryCompileExec.dir/CMakeCCompilerABI.c.o]
  ignore line: [/cvmfs/cepc.ihep.ac.cn/software/cepcsoft/x86_64-centos7-gcc49/external/GCC/4.9.4/install/bin/gcc    -o CMakeFiles/cmTryCompileExec.dir/CMakeCCompilerABI.c.o   -c /cvmfs/cepc.ihep.ac.cn/software/cepcsoft/x86_64-centos7-gcc49/external/CMake/2.8.5/install/share/cmake-2.8/Modules/CMakeCCompilerABI.c]
  ignore line: [Linking C executable cmTryCompileExec]
  ignore line: [/cvmfs/cepc.ihep.ac.cn/software/cepcsoft/x86_64-centos7-gcc49/external/CMake/2.8.5/install/bin/cmake -E cmake_link_script CMakeFiles/cmTryCompileExec.dir/link.txt --verbose=1]
  ignore line: [/cvmfs/cepc.ihep.ac.cn/software/cepcsoft/x86_64-centos7-gcc49/external/GCC/4.9.4/install/bin/gcc       -v CMakeFiles/cmTryCompileExec.dir/CMakeCCompilerABI.c.o  -o cmTryCompileExec -rdynamic  ]
  ignore line: [Using built-in specs.]
  ignore line: [COLLECT_GCC=/cvmfs/cepc.ihep.ac.cn/software/cepcsoft/x86_64-centos7-gcc49/external/GCC/4.9.4/install/bin/gcc]
  ignore line: [COLLECT_LTO_WRAPPER=/cvmfs/cepc.ihep.ac.cn/software/cepcsoft/x86_64-centos7-gcc49/external/GCC/4.9.4/install/libexec/gcc/x86_64-unknown-linux-gnu/4.9.4/lto-wrapper]
  ignore line: [Target: x86_64-unknown-linux-gnu]
  ignore line: [Configured with: /cvmfs/cepc.ihep.ac.cn/software/cepcsoft/x86_64-centos7-gcc49/external/GCC/4.9.4/source/configure --prefix=/cvmfs/cepc.ihep.ac.cn/software/cepcsoft/x86_64-centos7-gcc49/external/GCC/4.9.4/install --enable-languages=c,c++,fortran --disable-multilib]
  ignore line: [Thread model: posix]
  ignore line: [gcc version 4.9.4 (GCC) ]
  ignore line: [COMPILER_PATH=/cvmfs/cepc.ihep.ac.cn/software/cepcsoft/x86_64-centos7-gcc49/external/GCC/4.9.4/install/libexec/gcc/x86_64-unknown-linux-gnu/4.9.4/:/cvmfs/cepc.ihep.ac.cn/software/cepcsoft/x86_64-centos7-gcc49/external/GCC/4.9.4/install/libexec/gcc/x86_64-unknown-linux-gnu/4.9.4/:/cvmfs/cepc.ihep.ac.cn/software/cepcsoft/x86_64-centos7-gcc49/external/GCC/4.9.4/install/libexec/gcc/x86_64-unknown-linux-gnu/:/cvmfs/cepc.ihep.ac.cn/software/cepcsoft/x86_64-centos7-gcc49/external/GCC/4.9.4/install/lib/gcc/x86_64-unknown-linux-gnu/4.9.4/:/cvmfs/cepc.ihep.ac.cn/software/cepcsoft/x86_64-centos7-gcc49/external/GCC/4.9.4/install/lib/gcc/x86_64-unknown-linux-gnu/]
  ignore line: [LIBRARY_PATH=/cvmfs/cepc.ihep.ac.cn/software/cepcsoft/x86_64-centos7-gcc49/external/GCC/4.9.4/install/lib/gcc/x86_64-unknown-linux-gnu/4.9.4/:/cvmfs/cepc.ihep.ac.cn/software/cepcsoft/x86_64-centos7-gcc49/external/GCC/4.9.4/install/lib/gcc/x86_64-unknown-linux-gnu/4.9.4/../../../../lib64/:/lib/../lib64/:/usr/lib/../lib64/:/cvmfs/cepc.ihep.ac.cn/software/cepcsoft/x86_64-centos7-gcc49/external/GCC/4.9.4/install/lib/gcc/x86_64-unknown-linux-gnu/4.9.4/../../../:/lib/:/usr/lib/]
  ignore line: [COLLECT_GCC_OPTIONS='-v' '-o' 'cmTryCompileExec' '-rdynamic' '-mtune=generic' '-march=x86-64']
  link line: [ /cvmfs/cepc.ihep.ac.cn/software/cepcsoft/x86_64-centos7-gcc49/external/GCC/4.9.4/install/libexec/gcc/x86_64-unknown-linux-gnu/4.9.4/collect2 -plugin /cvmfs/cepc.ihep.ac.cn/software/cepcsoft/x86_64-centos7-gcc49/external/GCC/4.9.4/install/libexec/gcc/x86_64-unknown-linux-gnu/4.9.4/liblto_plugin.so -plugin-opt=/cvmfs/cepc.ihep.ac.cn/software/cepcsoft/x86_64-centos7-gcc49/external/GCC/4.9.4/install/libexec/gcc/x86_64-unknown-linux-gnu/4.9.4/lto-wrapper -plugin-opt=-fresolution=/tmp/ccm5YqmM.res -plugin-opt=-pass-through=-lgcc -plugin-opt=-pass-through=-lgcc_s -plugin-opt=-pass-through=-lc -plugin-opt=-pass-through=-lgcc -plugin-opt=-pass-through=-lgcc_s --eh-frame-hdr -m elf_x86_64 -export-dynamic -dynamic-linker /lib64/ld-linux-x86-64.so.2 -o cmTryCompileExec /lib/../lib64/crt1.o /lib/../lib64/crti.o /cvmfs/cepc.ihep.ac.cn/software/cepcsoft/x86_64-centos7-gcc49/external/GCC/4.9.4/install/lib/gcc/x86_64-unknown-linux-gnu/4.9.4/crtbegin.o -L/cvmfs/cepc.ihep.ac.cn/software/cepcsoft/x86_64-centos7-gcc49/external/GCC/4.9.4/install/lib/gcc/x86_64-unknown-linux-gnu/4.9.4 -L/cvmfs/cepc.ihep.ac.cn/software/cepcsoft/x86_64-centos7-gcc49/external/GCC/4.9.4/install/lib/gcc/x86_64-unknown-linux-gnu/4.9.4/../../../../lib64 -L/lib/../lib64 -L/usr/lib/../lib64 -L/cvmfs/cepc.ihep.ac.cn/software/cepcsoft/x86_64-centos7-gcc49/external/GCC/4.9.4/install/lib/gcc/x86_64-unknown-linux-gnu/4.9.4/../../.. CMakeFiles/cmTryCompileExec.dir/CMakeCCompilerABI.c.o -lgcc --as-needed -lgcc_s --no-as-needed -lc -lgcc --as-needed -lgcc_s --no-as-needed /cvmfs/cepc.ihep.ac.cn/software/cepcsoft/x86_64-centos7-gcc49/external/GCC/4.9.4/install/lib/gcc/x86_64-unknown-linux-gnu/4.9.4/crtend.o /lib/../lib64/crtn.o]
    arg [/cvmfs/cepc.ihep.ac.cn/software/cepcsoft/x86_64-centos7-gcc49/external/GCC/4.9.4/install/libexec/gcc/x86_64-unknown-linux-gnu/4.9.4/collect2] ==> ignore
    arg [-plugin] ==> ignore
    arg [/cvmfs/cepc.ihep.ac.cn/software/cepcsoft/x86_64-centos7-gcc49/external/GCC/4.9.4/install/libexec/gcc/x86_64-unknown-linux-gnu/4.9.4/liblto_plugin.so] ==> ignore
    arg [-plugin-opt=/cvmfs/cepc.ihep.ac.cn/software/cepcsoft/x86_64-centos7-gcc49/external/GCC/4.9.4/install/libexec/gcc/x86_64-unknown-linux-gnu/4.9.4/lto-wrapper] ==> ignore
    arg [-plugin-opt=-fresolution=/tmp/ccm5YqmM.res] ==> ignore
    arg [-plugin-opt=-pass-through=-lgcc] ==> ignore
    arg [-plugin-opt=-pass-through=-lgcc_s] ==> ignore
    arg [-plugin-opt=-pass-through=-lc] ==> ignore
    arg [-plugin-opt=-pass-through=-lgcc] ==> ignore
    arg [-plugin-opt=-pass-through=-lgcc_s] ==> ignore
    arg [--eh-frame-hdr] ==> ignore
    arg [-m] ==> ignore
    arg [elf_x86_64] ==> ignore
    arg [-export-dynamic] ==> ignore
    arg [-dynamic-linker] ==> ignore
    arg [/lib64/ld-linux-x86-64.so.2] ==> ignore
    arg [-o] ==> ignore
    arg [cmTryCompileExec] ==> ignore
    arg [/lib/../lib64/crt1.o] ==> ignore
    arg [/lib/../lib64/crti.o] ==> ignore
    arg [/cvmfs/cepc.ihep.ac.cn/software/cepcsoft/x86_64-centos7-gcc49/external/GCC/4.9.4/install/lib/gcc/x86_64-unknown-linux-gnu/4.9.4/crtbegin.o] ==> ignore
    arg [-L/cvmfs/cepc.ihep.ac.cn/software/cepcsoft/x86_64-centos7-gcc49/external/GCC/4.9.4/install/lib/gcc/x86_64-unknown-linux-gnu/4.9.4] ==> dir [/cvmfs/cepc.ihep.ac.cn/software/cepcsoft/x86_64-centos7-gcc49/external/GCC/4.9.4/install/lib/gcc/x86_64-unknown-linux-gnu/4.9.4]
    arg [-L/cvmfs/cepc.ihep.ac.cn/software/cepcsoft/x86_64-centos7-gcc49/external/GCC/4.9.4/install/lib/gcc/x86_64-unknown-linux-gnu/4.9.4/../../../../lib64] ==> dir [/cvmfs/cepc.ihep.ac.cn/software/cepcsoft/x86_64-centos7-gcc49/external/GCC/4.9.4/install/lib/gcc/x86_64-unknown-linux-gnu/4.9.4/../../../../lib64]
    arg [-L/lib/../lib64] ==> dir [/lib/../lib64]
    arg [-L/usr/lib/../lib64] ==> dir [/usr/lib/../lib64]
    arg [-L/cvmfs/cepc.ihep.ac.cn/software/cepcsoft/x86_64-centos7-gcc49/external/GCC/4.9.4/install/lib/gcc/x86_64-unknown-linux-gnu/4.9.4/../../..] ==> dir [/cvmfs/cepc.ihep.ac.cn/software/cepcsoft/x86_64-centos7-gcc49/external/GCC/4.9.4/install/lib/gcc/x86_64-unknown-linux-gnu/4.9.4/../../..]
    arg [CMakeFiles/cmTryCompileExec.dir/CMakeCCompilerABI.c.o] ==> ignore
    arg [-lgcc] ==> lib [gcc]
    arg [--as-needed] ==> ignore
    arg [-lgcc_s] ==> lib [gcc_s]
    arg [--no-as-needed] ==> ignore
    arg [-lc] ==> lib [c]
    arg [-lgcc] ==> lib [gcc]
    arg [--as-needed] ==> ignore
    arg [-lgcc_s] ==> lib [gcc_s]
    arg [--no-as-needed] ==> ignore
    arg [/cvmfs/cepc.ihep.ac.cn/software/cepcsoft/x86_64-centos7-gcc49/external/GCC/4.9.4/install/lib/gcc/x86_64-unknown-linux-gnu/4.9.4/crtend.o] ==> ignore
    arg [/lib/../lib64/crtn.o] ==> ignore
  remove lib [gcc]
  remove lib [gcc_s]
  remove lib [gcc]
  remove lib [gcc_s]
  collapse dir [/cvmfs/cepc.ihep.ac.cn/software/cepcsoft/x86_64-centos7-gcc49/external/GCC/4.9.4/install/lib/gcc/x86_64-unknown-linux-gnu/4.9.4] ==> [/cvmfs/cepc.ihep.ac.cn/software/cepcsoft/x86_64-centos7-gcc49/external/GCC/4.9.4/install/lib/gcc/x86_64-unknown-linux-gnu/4.9.4]
  collapse dir [/cvmfs/cepc.ihep.ac.cn/software/cepcsoft/x86_64-centos7-gcc49/external/GCC/4.9.4/install/lib/gcc/x86_64-unknown-linux-gnu/4.9.4/../../../../lib64] ==> [/cvmfs/cepc.ihep.ac.cn/software/cepcsoft/x86_64-centos7-gcc49/external/GCC/4.9.4/install/lib64]
  collapse dir [/lib/../lib64] ==> [/lib64]
  collapse dir [/usr/lib/../lib64] ==> [/usr/lib64]
  collapse dir [/cvmfs/cepc.ihep.ac.cn/software/cepcsoft/x86_64-centos7-gcc49/external/GCC/4.9.4/install/lib/gcc/x86_64-unknown-linux-gnu/4.9.4/../../..] ==> [/cvmfs/cepc.ihep.ac.cn/software/cepcsoft/x86_64-centos7-gcc49/external/GCC/4.9.4/install/lib]
  implicit libs: [c]
  implicit dirs: [/cvmfs/cepc.ihep.ac.cn/software/cepcsoft/x86_64-centos7-gcc49/external/GCC/4.9.4/install/lib/gcc/x86_64-unknown-linux-gnu/4.9.4;/cvmfs/cepc.ihep.ac.cn/software/cepcsoft/x86_64-centos7-gcc49/external/GCC/4.9.4/install/lib64;/lib64;/usr/lib64;/cvmfs/cepc.ihep.ac.cn/software/cepcsoft/x86_64-centos7-gcc49/external/GCC/4.9.4/install/lib]


Determining if the CXX compiler works passed with the following output:
Change Dir: /workfs2/cepc/xuliang/processor/GenJet/FSClasser/build/CMakeFiles/CMakeTmp

Run Build Command:/usr/bin/gmake "cmTryCompileExec/fast"
/usr/bin/gmake -f CMakeFiles/cmTryCompileExec.dir/build.make CMakeFiles/cmTryCompileExec.dir/build
gmake[1]: Entering directory `/workfs2/cepc/xuliang/processor/GenJet/FSClasser/build/CMakeFiles/CMakeTmp'
/cvmfs/cepc.ihep.ac.cn/software/cepcsoft/x86_64-centos7-gcc49/external/CMake/2.8.5/install/bin/cmake -E cmake_progress_report /workfs2/cepc/xuliang/processor/GenJet/FSClasser/build/CMakeFiles/CMakeTmp/CMakeFiles 1
Building CXX object CMakeFiles/cmTryCompileExec.dir/testCXXCompiler.cxx.o
/cvmfs/cepc.ihep.ac.cn/software/cepcsoft/x86_64-centos7-gcc49/external/GCC/4.9.4/install/bin/g++     -o CMakeFiles/cmTryCompileExec.dir/testCXXCompiler.cxx.o -c /workfs2/cepc/xuliang/processor/GenJet/FSClasser/build/CMakeFiles/CMakeTmp/testCXXCompiler.cxx
Linking CXX executable cmTryCompileExec
/cvmfs/cepc.ihep.ac.cn/software/cepcsoft/x86_64-centos7-gcc49/external/CMake/2.8.5/install/bin/cmake -E cmake_link_script CMakeFiles/cmTryCompileExec.dir/link.txt --verbose=1
/cvmfs/cepc.ihep.ac.cn/software/cepcsoft/x86_64-centos7-gcc49/external/GCC/4.9.4/install/bin/g++          CMakeFiles/cmTryCompileExec.dir/testCXXCompiler.cxx.o  -o cmTryCompileExec -rdynamic 
gmake[1]: Leaving directory `/workfs2/cepc/xuliang/processor/GenJet/FSClasser/build/CMakeFiles/CMakeTmp'


Detecting CXX compiler ABI info compiled with the following output:
Change Dir: /workfs2/cepc/xuliang/processor/GenJet/FSClasser/build/CMakeFiles/CMakeTmp

Run Build Command:/usr/bin/gmake "cmTryCompileExec/fast"
/usr/bin/gmake -f CMakeFiles/cmTryCompileExec.dir/build.make CMakeFiles/cmTryCompileExec.dir/build
gmake[1]: Entering directory `/workfs2/cepc/xuliang/processor/GenJet/FSClasser/build/CMakeFiles/CMakeTmp'
/cvmfs/cepc.ihep.ac.cn/software/cepcsoft/x86_64-centos7-gcc49/external/CMake/2.8.5/install/bin/cmake -E cmake_progress_report /workfs2/cepc/xuliang/processor/GenJet/FSClasser/build/CMakeFiles/CMakeTmp/CMakeFiles 1
Building CXX object CMakeFiles/cmTryCompileExec.dir/CMakeCXXCompilerABI.cpp.o
/cvmfs/cepc.ihep.ac.cn/software/cepcsoft/x86_64-centos7-gcc49/external/GCC/4.9.4/install/bin/g++     -o CMakeFiles/cmTryCompileExec.dir/CMakeCXXCompilerABI.cpp.o -c /cvmfs/cepc.ihep.ac.cn/software/cepcsoft/x86_64-centos7-gcc49/external/CMake/2.8.5/install/share/cmake-2.8/Modules/CMakeCXXCompilerABI.cpp
Linking CXX executable cmTryCompileExec
/cvmfs/cepc.ihep.ac.cn/software/cepcsoft/x86_64-centos7-gcc49/external/CMake/2.8.5/install/bin/cmake -E cmake_link_script CMakeFiles/cmTryCompileExec.dir/link.txt --verbose=1
/cvmfs/cepc.ihep.ac.cn/software/cepcsoft/x86_64-centos7-gcc49/external/GCC/4.9.4/install/bin/g++        -v CMakeFiles/cmTryCompileExec.dir/CMakeCXXCompilerABI.cpp.o  -o cmTryCompileExec -rdynamic  
Using built-in specs.
COLLECT_GCC=/cvmfs/cepc.ihep.ac.cn/software/cepcsoft/x86_64-centos7-gcc49/external/GCC/4.9.4/install/bin/g++
COLLECT_LTO_WRAPPER=/cvmfs/cepc.ihep.ac.cn/software/cepcsoft/x86_64-centos7-gcc49/external/GCC/4.9.4/install/libexec/gcc/x86_64-unknown-linux-gnu/4.9.4/lto-wrapper
Target: x86_64-unknown-linux-gnu
Configured with: /cvmfs/cepc.ihep.ac.cn/software/cepcsoft/x86_64-centos7-gcc49/external/GCC/4.9.4/source/configure --prefix=/cvmfs/cepc.ihep.ac.cn/software/cepcsoft/x86_64-centos7-gcc49/external/GCC/4.9.4/install --enable-languages=c,c++,fortran --disable-multilib
Thread model: posix
gcc version 4.9.4 (GCC) 
COMPILER_PATH=/cvmfs/cepc.ihep.ac.cn/software/cepcsoft/x86_64-centos7-gcc49/external/GCC/4.9.4/install/libexec/gcc/x86_64-unknown-linux-gnu/4.9.4/:/cvmfs/cepc.ihep.ac.cn/software/cepcsoft/x86_64-centos7-gcc49/external/GCC/4.9.4/install/libexec/gcc/x86_64-unknown-linux-gnu/4.9.4/:/cvmfs/cepc.ihep.ac.cn/software/cepcsoft/x86_64-centos7-gcc49/external/GCC/4.9.4/install/libexec/gcc/x86_64-unknown-linux-gnu/:/cvmfs/cepc.ihep.ac.cn/software/cepcsoft/x86_64-centos7-gcc49/external/GCC/4.9.4/install/lib/gcc/x86_64-unknown-linux-gnu/4.9.4/:/cvmfs/cepc.ihep.ac.cn/software/cepcsoft/x86_64-centos7-gcc49/external/GCC/4.9.4/install/lib/gcc/x86_64-unknown-linux-gnu/
LIBRARY_PATH=/cvmfs/cepc.ihep.ac.cn/software/cepcsoft/x86_64-centos7-gcc49/external/GCC/4.9.4/install/lib/gcc/x86_64-unknown-linux-gnu/4.9.4/:/cvmfs/cepc.ihep.ac.cn/software/cepcsoft/x86_64-centos7-gcc49/external/GCC/4.9.4/install/lib/gcc/x86_64-unknown-linux-gnu/4.9.4/../../../../lib64/:/lib/../lib64/:/usr/lib/../lib64/:/cvmfs/cepc.ihep.ac.cn/software/cepcsoft/x86_64-centos7-gcc49/external/GCC/4.9.4/install/lib/gcc/x86_64-unknown-linux-gnu/4.9.4/../../../:/lib/:/usr/lib/
COLLECT_GCC_OPTIONS='-v' '-o' 'cmTryCompileExec' '-rdynamic' '-shared-libgcc' '-mtune=generic' '-march=x86-64'
 /cvmfs/cepc.ihep.ac.cn/software/cepcsoft/x86_64-centos7-gcc49/external/GCC/4.9.4/install/libexec/gcc/x86_64-unknown-linux-gnu/4.9.4/collect2 -plugin /cvmfs/cepc.ihep.ac.cn/software/cepcsoft/x86_64-centos7-gcc49/external/GCC/4.9.4/install/libexec/gcc/x86_64-unknown-linux-gnu/4.9.4/liblto_plugin.so -plugin-opt=/cvmfs/cepc.ihep.ac.cn/software/cepcsoft/x86_64-centos7-gcc49/external/GCC/4.9.4/install/libexec/gcc/x86_64-unknown-linux-gnu/4.9.4/lto-wrapper -plugin-opt=-fresolution=/tmp/ccT4Ww1W.res -plugin-opt=-pass-through=-lgcc_s -plugin-opt=-pass-through=-lgcc -plugin-opt=-pass-through=-lc -plugin-opt=-pass-through=-lgcc_s -plugin-opt=-pass-through=-lgcc --eh-frame-hdr -m elf_x86_64 -export-dynamic -dynamic-linker /lib64/ld-linux-x86-64.so.2 -o cmTryCompileExec /lib/../lib64/crt1.o /lib/../lib64/crti.o /cvmfs/cepc.ihep.ac.cn/software/cepcsoft/x86_64-centos7-gcc49/external/GCC/4.9.4/install/lib/gcc/x86_64-unknown-linux-gnu/4.9.4/crtbegin.o -L/cvmfs/cepc.ihep.ac.cn/software/cepcsoft/x86_64-centos7-gcc49/external/GCC/4.9.4/install/lib/gcc/x86_64-unknown-linux-gnu/4.9.4 -L/cvmfs/cepc.ihep.ac.cn/software/cepcsoft/x86_64-centos7-gcc49/external/GCC/4.9.4/install/lib/gcc/x86_64-unknown-linux-gnu/4.9.4/../../../../lib64 -L/lib/../lib64 -L/usr/lib/../lib64 -L/cvmfs/cepc.ihep.ac.cn/software/cepcsoft/x86_64-centos7-gcc49/external/GCC/4.9.4/install/lib/gcc/x86_64-unknown-linux-gnu/4.9.4/../../.. CMakeFiles/cmTryCompileExec.dir/CMakeCXXCompilerABI.cpp.o -lstdc++ -lm -lgcc_s -lgcc -lc -lgcc_s -lgcc /cvmfs/cepc.ihep.ac.cn/software/cepcsoft/x86_64-centos7-gcc49/external/GCC/4.9.4/install/lib/gcc/x86_64-unknown-linux-gnu/4.9.4/crtend.o /lib/../lib64/crtn.o
gmake[1]: Leaving directory `/workfs2/cepc/xuliang/processor/GenJet/FSClasser/build/CMakeFiles/CMakeTmp'


Parsed CXX implicit link information from above output:
  link line regex: [^( *|.*[/\])(ld|ld|collect2)[^/\]*( |$)]
  ignore line: [Change Dir: /workfs2/cepc/xuliang/processor/GenJet/FSClasser/build/CMakeFiles/CMakeTmp]
  ignore line: []
  ignore line: [Run Build Command:/usr/bin/gmake "cmTryCompileExec/fast"]
  ignore line: [/usr/bin/gmake -f CMakeFiles/cmTryCompileExec.dir/build.make CMakeFiles/cmTryCompileExec.dir/build]
  ignore line: [gmake[1]: Entering directory `/workfs2/cepc/xuliang/processor/GenJet/FSClasser/build/CMakeFiles/CMakeTmp']
  ignore line: [/cvmfs/cepc.ihep.ac.cn/software/cepcsoft/x86_64-centos7-gcc49/external/CMake/2.8.5/install/bin/cmake -E cmake_progress_report /workfs2/cepc/xuliang/processor/GenJet/FSClasser/build/CMakeFiles/CMakeTmp/CMakeFiles 1]
  ignore line: [Building CXX object CMakeFiles/cmTryCompileExec.dir/CMakeCXXCompilerABI.cpp.o]
  ignore line: [/cvmfs/cepc.ihep.ac.cn/software/cepcsoft/x86_64-centos7-gcc49/external/GCC/4.9.4/install/bin/g++     -o CMakeFiles/cmTryCompileExec.dir/CMakeCXXCompilerABI.cpp.o -c /cvmfs/cepc.ihep.ac.cn/software/cepcsoft/x86_64-centos7-gcc49/external/CMake/2.8.5/install/share/cmake-2.8/Modules/CMakeCXXCompilerABI.cpp]
  ignore line: [Linking CXX executable cmTryCompileExec]
  ignore line: [/cvmfs/cepc.ihep.ac.cn/software/cepcsoft/x86_64-centos7-gcc49/external/CMake/2.8.5/install/bin/cmake -E cmake_link_script CMakeFiles/cmTryCompileExec.dir/link.txt --verbose=1]
  ignore line: [/cvmfs/cepc.ihep.ac.cn/software/cepcsoft/x86_64-centos7-gcc49/external/GCC/4.9.4/install/bin/g++        -v CMakeFiles/cmTryCompileExec.dir/CMakeCXXCompilerABI.cpp.o  -o cmTryCompileExec -rdynamic  ]
  ignore line: [Using built-in specs.]
  ignore line: [COLLECT_GCC=/cvmfs/cepc.ihep.ac.cn/software/cepcsoft/x86_64-centos7-gcc49/external/GCC/4.9.4/install/bin/g++]
  ignore line: [COLLECT_LTO_WRAPPER=/cvmfs/cepc.ihep.ac.cn/software/cepcsoft/x86_64-centos7-gcc49/external/GCC/4.9.4/install/libexec/gcc/x86_64-unknown-linux-gnu/4.9.4/lto-wrapper]
  ignore line: [Target: x86_64-unknown-linux-gnu]
  ignore line: [Configured with: /cvmfs/cepc.ihep.ac.cn/software/cepcsoft/x86_64-centos7-gcc49/external/GCC/4.9.4/source/configure --prefix=/cvmfs/cepc.ihep.ac.cn/software/cepcsoft/x86_64-centos7-gcc49/external/GCC/4.9.4/install --enable-languages=c,c++,fortran --disable-multilib]
  ignore line: [Thread model: posix]
  ignore line: [gcc version 4.9.4 (GCC) ]
  ignore line: [COMPILER_PATH=/cvmfs/cepc.ihep.ac.cn/software/cepcsoft/x86_64-centos7-gcc49/external/GCC/4.9.4/install/libexec/gcc/x86_64-unknown-linux-gnu/4.9.4/:/cvmfs/cepc.ihep.ac.cn/software/cepcsoft/x86_64-centos7-gcc49/external/GCC/4.9.4/install/libexec/gcc/x86_64-unknown-linux-gnu/4.9.4/:/cvmfs/cepc.ihep.ac.cn/software/cepcsoft/x86_64-centos7-gcc49/external/GCC/4.9.4/install/libexec/gcc/x86_64-unknown-linux-gnu/:/cvmfs/cepc.ihep.ac.cn/software/cepcsoft/x86_64-centos7-gcc49/external/GCC/4.9.4/install/lib/gcc/x86_64-unknown-linux-gnu/4.9.4/:/cvmfs/cepc.ihep.ac.cn/software/cepcsoft/x86_64-centos7-gcc49/external/GCC/4.9.4/install/lib/gcc/x86_64-unknown-linux-gnu/]
  ignore line: [LIBRARY_PATH=/cvmfs/cepc.ihep.ac.cn/software/cepcsoft/x86_64-centos7-gcc49/external/GCC/4.9.4/install/lib/gcc/x86_64-unknown-linux-gnu/4.9.4/:/cvmfs/cepc.ihep.ac.cn/software/cepcsoft/x86_64-centos7-gcc49/external/GCC/4.9.4/install/lib/gcc/x86_64-unknown-linux-gnu/4.9.4/../../../../lib64/:/lib/../lib64/:/usr/lib/../lib64/:/cvmfs/cepc.ihep.ac.cn/software/cepcsoft/x86_64-centos7-gcc49/external/GCC/4.9.4/install/lib/gcc/x86_64-unknown-linux-gnu/4.9.4/../../../:/lib/:/usr/lib/]
  ignore line: [COLLECT_GCC_OPTIONS='-v' '-o' 'cmTryCompileExec' '-rdynamic' '-shared-libgcc' '-mtune=generic' '-march=x86-64']
  link line: [ /cvmfs/cepc.ihep.ac.cn/software/cepcsoft/x86_64-centos7-gcc49/external/GCC/4.9.4/install/libexec/gcc/x86_64-unknown-linux-gnu/4.9.4/collect2 -plugin /cvmfs/cepc.ihep.ac.cn/software/cepcsoft/x86_64-centos7-gcc49/external/GCC/4.9.4/install/libexec/gcc/x86_64-unknown-linux-gnu/4.9.4/liblto_plugin.so -plugin-opt=/cvmfs/cepc.ihep.ac.cn/software/cepcsoft/x86_64-centos7-gcc49/external/GCC/4.9.4/install/libexec/gcc/x86_64-unknown-linux-gnu/4.9.4/lto-wrapper -plugin-opt=-fresolution=/tmp/ccT4Ww1W.res -plugin-opt=-pass-through=-lgcc_s -plugin-opt=-pass-through=-lgcc -plugin-opt=-pass-through=-lc -plugin-opt=-pass-through=-lgcc_s -plugin-opt=-pass-through=-lgcc --eh-frame-hdr -m elf_x86_64 -export-dynamic -dynamic-linker /lib64/ld-linux-x86-64.so.2 -o cmTryCompileExec /lib/../lib64/crt1.o /lib/../lib64/crti.o /cvmfs/cepc.ihep.ac.cn/software/cepcsoft/x86_64-centos7-gcc49/external/GCC/4.9.4/install/lib/gcc/x86_64-unknown-linux-gnu/4.9.4/crtbegin.o -L/cvmfs/cepc.ihep.ac.cn/software/cepcsoft/x86_64-centos7-gcc49/external/GCC/4.9.4/install/lib/gcc/x86_64-unknown-linux-gnu/4.9.4 -L/cvmfs/cepc.ihep.ac.cn/software/cepcsoft/x86_64-centos7-gcc49/external/GCC/4.9.4/install/lib/gcc/x86_64-unknown-linux-gnu/4.9.4/../../../../lib64 -L/lib/../lib64 -L/usr/lib/../lib64 -L/cvmfs/cepc.ihep.ac.cn/software/cepcsoft/x86_64-centos7-gcc49/external/GCC/4.9.4/install/lib/gcc/x86_64-unknown-linux-gnu/4.9.4/../../.. CMakeFiles/cmTryCompileExec.dir/CMakeCXXCompilerABI.cpp.o -lstdc++ -lm -lgcc_s -lgcc -lc -lgcc_s -lgcc /cvmfs/cepc.ihep.ac.cn/software/cepcsoft/x86_64-centos7-gcc49/external/GCC/4.9.4/install/lib/gcc/x86_64-unknown-linux-gnu/4.9.4/crtend.o /lib/../lib64/crtn.o]
    arg [/cvmfs/cepc.ihep.ac.cn/software/cepcsoft/x86_64-centos7-gcc49/external/GCC/4.9.4/install/libexec/gcc/x86_64-unknown-linux-gnu/4.9.4/collect2] ==> ignore
    arg [-plugin] ==> ignore
    arg [/cvmfs/cepc.ihep.ac.cn/software/cepcsoft/x86_64-centos7-gcc49/external/GCC/4.9.4/install/libexec/gcc/x86_64-unknown-linux-gnu/4.9.4/liblto_plugin.so] ==> ignore
    arg [-plugin-opt=/cvmfs/cepc.ihep.ac.cn/software/cepcsoft/x86_64-centos7-gcc49/external/GCC/4.9.4/install/libexec/gcc/x86_64-unknown-linux-gnu/4.9.4/lto-wrapper] ==> ignore
    arg [-plugin-opt=-fresolution=/tmp/ccT4Ww1W.res] ==> ignore
    arg [-plugin-opt=-pass-through=-lgcc_s] ==> ignore
    arg [-plugin-opt=-pass-through=-lgcc] ==> ignore
    arg [-plugin-opt=-pass-through=-lc] ==> ignore
    arg [-plugin-opt=-pass-through=-lgcc_s] ==> ignore
    arg [-plugin-opt=-pass-through=-lgcc] ==> ignore
    arg [--eh-frame-hdr] ==> ignore
    arg [-m] ==> ignore
    arg [elf_x86_64] ==> ignore
    arg [-export-dynamic] ==> ignore
    arg [-dynamic-linker] ==> ignore
    arg [/lib64/ld-linux-x86-64.so.2] ==> ignore
    arg [-o] ==> ignore
    arg [cmTryCompileExec] ==> ignore
    arg [/lib/../lib64/crt1.o] ==> ignore
    arg [/lib/../lib64/crti.o] ==> ignore
    arg [/cvmfs/cepc.ihep.ac.cn/software/cepcsoft/x86_64-centos7-gcc49/external/GCC/4.9.4/install/lib/gcc/x86_64-unknown-linux-gnu/4.9.4/crtbegin.o] ==> ignore
    arg [-L/cvmfs/cepc.ihep.ac.cn/software/cepcsoft/x86_64-centos7-gcc49/external/GCC/4.9.4/install/lib/gcc/x86_64-unknown-linux-gnu/4.9.4] ==> dir [/cvmfs/cepc.ihep.ac.cn/software/cepcsoft/x86_64-centos7-gcc49/external/GCC/4.9.4/install/lib/gcc/x86_64-unknown-linux-gnu/4.9.4]
    arg [-L/cvmfs/cepc.ihep.ac.cn/software/cepcsoft/x86_64-centos7-gcc49/external/GCC/4.9.4/install/lib/gcc/x86_64-unknown-linux-gnu/4.9.4/../../../../lib64] ==> dir [/cvmfs/cepc.ihep.ac.cn/software/cepcsoft/x86_64-centos7-gcc49/external/GCC/4.9.4/install/lib/gcc/x86_64-unknown-linux-gnu/4.9.4/../../../../lib64]
    arg [-L/lib/../lib64] ==> dir [/lib/../lib64]
    arg [-L/usr/lib/../lib64] ==> dir [/usr/lib/../lib64]
    arg [-L/cvmfs/cepc.ihep.ac.cn/software/cepcsoft/x86_64-centos7-gcc49/external/GCC/4.9.4/install/lib/gcc/x86_64-unknown-linux-gnu/4.9.4/../../..] ==> dir [/cvmfs/cepc.ihep.ac.cn/software/cepcsoft/x86_64-centos7-gcc49/external/GCC/4.9.4/install/lib/gcc/x86_64-unknown-linux-gnu/4.9.4/../../..]
    arg [CMakeFiles/cmTryCompileExec.dir/CMakeCXXCompilerABI.cpp.o] ==> ignore
    arg [-lstdc++] ==> lib [stdc++]
    arg [-lm] ==> lib [m]
    arg [-lgcc_s] ==> lib [gcc_s]
    arg [-lgcc] ==> lib [gcc]
    arg [-lc] ==> lib [c]
    arg [-lgcc_s] ==> lib [gcc_s]
    arg [-lgcc] ==> lib [gcc]
    arg [/cvmfs/cepc.ihep.ac.cn/software/cepcsoft/x86_64-centos7-gcc49/external/GCC/4.9.4/install/lib/gcc/x86_64-unknown-linux-gnu/4.9.4/crtend.o] ==> ignore
    arg [/lib/../lib64/crtn.o] ==> ignore
  remove lib [gcc_s]
  remove lib [gcc]
  remove lib [gcc_s]
  remove lib [gcc]
  collapse dir [/cvmfs/cepc.ihep.ac.cn/software/cepcsoft/x86_64-centos7-gcc49/external/GCC/4.9.4/install/lib/gcc/x86_64-unknown-linux-gnu/4.9.4] ==> [/cvmfs/cepc.ihep.ac.cn/software/cepcsoft/x86_64-centos7-gcc49/external/GCC/4.9.4/install/lib/gcc/x86_64-unknown-linux-gnu/4.9.4]
  collapse dir [/cvmfs/cepc.ihep.ac.cn/software/cepcsoft/x86_64-centos7-gcc49/external/GCC/4.9.4/install/lib/gcc/x86_64-unknown-linux-gnu/4.9.4/../../../../lib64] ==> [/cvmfs/cepc.ihep.ac.cn/software/cepcsoft/x86_64-centos7-gcc49/external/GCC/4.9.4/install/lib64]
  collapse dir [/lib/../lib64] ==> [/lib64]
  collapse dir [/usr/lib/../lib64] ==> [/usr/lib64]
  collapse dir [/cvmfs/cepc.ihep.ac.cn/software/cepcsoft/x86_64-centos7-gcc49/external/GCC/4.9.4/install/lib/gcc/x86_64-unknown-linux-gnu/4.9.4/../../..] ==> [/cvmfs/cepc.ihep.ac.cn/software/cepcsoft/x86_64-centos7-gcc49/external/GCC/4.9.4/install/lib]
  implicit libs: [stdc++;m;c]
  implicit dirs: [/cvmfs/cepc.ihep.ac.cn/software/cepcsoft/x86_64-centos7-gcc49/external/GCC/4.9.4/install/lib/gcc/x86_64-unknown-linux-gnu/4.9.4;/cvmfs/cepc.ihep.ac.cn/software/cepcsoft/x86_64-centos7-gcc49/external/GCC/4.9.4/install/lib64;/lib64;/usr/lib64;/cvmfs/cepc.ihep.ac.cn/software/cepcsoft/x86_64-centos7-gcc49/external/GCC/4.9.4/install/lib]


